[debug] [2024-09-08T10:33:07.687Z] ----------------------------------------------------------------------
[debug] [2024-09-08T10:33:07.689Z] Command:       C:\Program Files\nodejs\node.exe C:\Users\vaibh\AppData\Roaming\npm\node_modules\firebase-tools\lib\bin\firebase.js init
[debug] [2024-09-08T10:33:07.689Z] CLI Version:   13.15.0
[debug] [2024-09-08T10:33:07.689Z] Platform:      win32
[debug] [2024-09-08T10:33:07.689Z] Node Version:  v20.12.2
[debug] [2024-09-08T10:33:07.690Z] Time:          Sun Sep 08 2024 16:03:07 GMT+0530 (India Standard Time)
[debug] [2024-09-08T10:33:07.690Z] ----------------------------------------------------------------------
[debug] 
[debug] [2024-09-08T10:33:07.693Z] >>> [apiv2][query] GET https://firebase-public.firebaseio.com/cli.json [none]
[debug] [2024-09-08T10:33:07.725Z] > command requires scopes: ["email","openid","https://www.googleapis.com/auth/cloudplatformprojects.readonly","https://www.googleapis.com/auth/firebase","https://www.googleapis.com/auth/cloud-platform"]
[debug] [2024-09-08T10:33:07.725Z] > authorizing via signed-in user (vaibhavkatariya0987@gmail.com)
[info] 
     ######## #### ########  ######## ########     ###     ######  ########
     ##        ##  ##     ## ##       ##     ##  ##   ##  ##       ##
     ######    ##  ########  ######   ########  #########  ######  ######
     ##        ##  ##    ##  ##       ##     ## ##     ##       ## ##
     ##       #### ##     ## ######## ########  ##     ##  ######  ########

You're about to initialize a Firebase project in this directory:

  D:\code\Projects\GDSC project\inventory_system

[debug] [2024-09-08T10:33:08.393Z] <<< [apiv2][status] GET https://firebase-public.firebaseio.com/cli.json 200
[debug] [2024-09-08T10:33:08.394Z] <<< [apiv2][body] GET https://firebase-public.firebaseio.com/cli.json {"cloudBuildErrorAfter":1594252800000,"cloudBuildWarnAfter":1590019200000,"defaultNode10After":1594252800000,"minVersion":"3.0.5","node8DeploysDisabledAfter":1613390400000,"node8RuntimeDisabledAfter":1615809600000,"node8WarnAfter":1600128000000}
